This file contains any messages produced by compilers while
running configure, to aid debugging if configure makes a mistake.

It was created by memcheck configure 1.0, which was
generated by GNU Autoconf 2.69.  Invocation command line was

  $ ./configure 

## --------- ##
## Platform. ##
## --------- ##

hostname = anthony-HPES
uname -m = x86_64
uname -r = 4.15.0-55-generic
uname -s = Linux
uname -v = #60-Ubuntu SMP Tue Jul 2 18:22:20 UTC 2019

/usr/bin/uname -p = unknown
/bin/uname -X     = unknown

/bin/arch              = unknown
/usr/bin/arch -k       = unknown
/usr/convex/getsysinfo = unknown
/usr/bin/hostinfo      = unknown
/bin/machine           = unknown
/usr/bin/oslevel       = unknown
/bin/universe          = unknown

PATH: /home/anthony/miniconda3/condabin
PATH: /usr/local/sbin
PATH: /usr/local/bin
PATH: /usr/sbin
PATH: /usr/bin
PATH: /sbin
PATH: /bin
PATH: /usr/games
PATH: /usr/local/games
PATH: /snap/bin


## ----------- ##
## Core tests. ##
## ----------- ##

configure:2216: checking for gcc
configure:2232: found /usr/bin/gcc
configure:2243: result: gcc
configure:2472: checking for C compiler version
configure:2481: gcc --version >&5
gcc (Ubuntu 7.4.0-1ubuntu1~18.04.1) 7.4.0
Copyright (C) 2017 Free Software Foundation, Inc.
This is free software; see the source for copying conditions.  There is NO
warranty; not even for MERCHANTABILITY or FITNESS FOR A PARTICULAR PURPOSE.

configure:2492: $? = 0
configure:2481: gcc -v >&5
Using built-in specs.
COLLECT_GCC=gcc
COLLECT_LTO_WRAPPER=/usr/lib/gcc/x86_64-linux-gnu/7/lto-wrapper
OFFLOAD_TARGET_NAMES=nvptx-none
OFFLOAD_TARGET_DEFAULT=1
Target: x86_64-linux-gnu
Configured with: ../src/configure -v --with-pkgversion='Ubuntu 7.4.0-1ubuntu1~18.04.1' --with-bugurl=file:///usr/share/doc/gcc-7/README.Bugs --enable-languages=c,ada,c++,go,brig,d,fortran,objc,obj-c++ --prefix=/usr --with-gcc-major-version-only --program-suffix=-7 --program-prefix=x86_64-linux-gnu- --enable-shared --enable-linker-build-id --libexecdir=/usr/lib --without-included-gettext --enable-threads=posix --libdir=/usr/lib --enable-nls --with-sysroot=/ --enable-clocale=gnu --enable-libstdcxx-debug --enable-libstdcxx-time=yes --with-default-libstdcxx-abi=new --enable-gnu-unique-object --disable-vtable-verify --enable-libmpx --enable-plugin --enable-default-pie --with-system-zlib --with-target-system-zlib --enable-objc-gc=auto --enable-multiarch --disable-werror --with-arch-32=i686 --with-abi=m64 --with-multilib-list=m32,m64,mx32 --enable-multilib --with-tune=generic --enable-offload-targets=nvptx-none --without-cuda-driver --enable-checking=release --build=x86_64-linux-gnu --host=x86_64-linux-gnu --target=x86_64-linux-gnu
Thread model: posix
gcc version 7.4.0 (Ubuntu 7.4.0-1ubuntu1~18.04.1) 
configure:2492: $? = 0
configure:2481: gcc -V >&5
gcc: error: unrecognized command line option '-V'
gcc: fatal error: no input files
compilation terminated.
configure:2492: $? = 1
configure:2481: gcc -qversion >&5
gcc: error: unrecognized command line option '-qversion'; did you mean '--version'?
gcc: fatal error: no input files
compilation terminated.
configure:2492: $? = 1
configure:2512: checking whether the C compiler works
configure:2534: gcc    conftest.c  >&5
configure:2538: $? = 0
configure:2586: result: yes
configure:2589: checking for C compiler default output file name
configure:2591: result: a.out
configure:2597: checking for suffix of executables
configure:2604: gcc -o conftest    conftest.c  >&5
configure:2608: $? = 0
configure:2630: result: 
configure:2652: checking whether we are cross compiling
configure:2660: gcc -o conftest    conftest.c  >&5
configure:2664: $? = 0
configure:2671: ./conftest
configure:2675: $? = 0
configure:2690: result: no
configure:2695: checking for suffix of object files
configure:2717: gcc -c   conftest.c >&5
configure:2721: $? = 0
configure:2742: result: o
configure:2746: checking whether we are using the GNU C compiler
configure:2765: gcc -c   conftest.c >&5
configure:2765: $? = 0
configure:2774: result: yes
configure:2783: checking whether gcc accepts -g
configure:2803: gcc -c -g  conftest.c >&5
configure:2803: $? = 0
configure:2844: result: yes
configure:2861: checking for gcc option to accept ISO C89
configure:2924: gcc  -c -g -O2  conftest.c >&5
configure:2924: $? = 0
configure:2937: result: none needed
configure:2962: checking whether gcc understands -c and -o together
configure:2984: gcc -c conftest.c -o conftest2.o
configure:2987: $? = 0
configure:2984: gcc -c conftest.c -o conftest2.o
configure:2987: $? = 0
configure:2999: result: yes
configure:3066: checking for ar
configure:3082: found /usr/bin/ar
configure:3093: result: ar
configure:3119: checking the archiver (ar) interface
configure:3135: gcc -c -g -O2  conftest.c >&5
configure:3135: $? = 0
configure:3137: ar cru libconftest.a conftest.o >&5
ar: `u' modifier ignored since `D' is the default (see `U')
configure:3140: $? = 0
configure:3168: result: ar
configure:3219: checking build system type
configure:3233: result: x86_64-pc-linux-gnu
configure:3253: checking host system type
configure:3266: result: x86_64-pc-linux-gnu
configure:3307: checking how to print strings
configure:3334: result: printf
configure:3355: checking for a sed that does not truncate output
configure:3419: result: /bin/sed
configure:3437: checking for grep that handles long lines and -e
configure:3495: result: /bin/grep
configure:3500: checking for egrep
configure:3562: result: /bin/grep -E
configure:3567: checking for fgrep
configure:3629: result: /bin/grep -F
configure:3664: checking for ld used by gcc
configure:3731: result: /usr/bin/ld
configure:3738: checking if the linker (/usr/bin/ld) is GNU ld
configure:3753: result: yes
configure:3765: checking for BSD- or MS-compatible name lister (nm)
configure:3819: result: /usr/bin/nm -B
configure:3949: checking the name lister (/usr/bin/nm -B) interface
configure:3956: gcc -c -g -O2  conftest.c >&5
configure:3959: /usr/bin/nm -B "conftest.o"
configure:3962: output
0000000000000000 B some_variable
configure:3969: result: BSD nm
configure:3972: checking whether ln -s works
configure:3976: result: yes
configure:3984: checking the maximum length of command line arguments
configure:4115: result: 1572864
configure:4163: checking how to convert x86_64-pc-linux-gnu file names to x86_64-pc-linux-gnu format
configure:4203: result: func_convert_file_noop
configure:4210: checking how to convert x86_64-pc-linux-gnu file names to toolchain format
configure:4230: result: func_convert_file_noop
configure:4237: checking for /usr/bin/ld option to reload object files
configure:4244: result: -r
configure:4318: checking for objdump
configure:4334: found /usr/bin/objdump
configure:4345: result: objdump
configure:4377: checking how to recognize dependent libraries
configure:4577: result: pass_all
configure:4662: checking for dlltool
configure:4692: result: no
configure:4722: checking how to associate runtime and link libraries
configure:4749: result: printf %s\n
configure:4873: checking for archiver @FILE support
configure:4890: gcc -c -g -O2  conftest.c >&5
configure:4890: $? = 0
configure:4893: ar cru libconftest.a @conftest.lst >&5
ar: `u' modifier ignored since `D' is the default (see `U')
configure:4896: $? = 0
configure:4901: ar cru libconftest.a @conftest.lst >&5
ar: `u' modifier ignored since `D' is the default (see `U')
ar: conftest.o: No such file or directory
configure:4904: $? = 1
configure:4916: result: @
configure:4974: checking for strip
configure:4990: found /usr/bin/strip
configure:5001: result: strip
configure:5073: checking for ranlib
configure:5089: found /usr/bin/ranlib
configure:5100: result: ranlib
configure:5177: checking for gawk
configure:5193: found /usr/bin/gawk
configure:5204: result: gawk
configure:5244: checking command to parse /usr/bin/nm -B output from gcc object
configure:5397: gcc -c -g -O2  conftest.c >&5
configure:5400: $? = 0
configure:5404: /usr/bin/nm -B conftest.o \| sed -n -e 's/^.*[ ]\([ABCDGIRSTW][ABCDGIRSTW]*\)[ ][ ]*\([_A-Za-z][_A-Za-z0-9]*\)$/\1 \2 \2/p' | sed '/ __gnu_lto/d' \> conftest.nm
configure:5407: $? = 0
configure:5473: gcc -o conftest -g -O2   conftest.c conftstm.o >&5
configure:5476: $? = 0
configure:5514: result: ok
configure:5561: checking for sysroot
configure:5591: result: no
configure:5598: checking for a working dd
configure:5636: result: /bin/dd
configure:5640: checking how to truncate binary pipes
configure:5655: result: /bin/dd bs=4096 count=1
configure:5791: gcc -c -g -O2  conftest.c >&5
configure:5794: $? = 0
configure:5984: checking for mt
configure:6000: found /bin/mt
configure:6011: result: mt
configure:6034: checking if mt is a manifest tool
configure:6040: mt '-?'
configure:6048: result: no
configure:6725: checking how to run the C preprocessor
configure:6756: gcc -E  conftest.c
configure:6756: $? = 0
configure:6770: gcc -E  conftest.c
conftest.c:9:10: fatal error: ac_nonexistent.h: No such file or directory
 #include <ac_nonexistent.h>
          ^~~~~~~~~~~~~~~~~~
compilation terminated.
configure:6770: $? = 1
configure: failed program was:
| /* confdefs.h */
| #define PACKAGE_NAME "memcheck"
| #define PACKAGE_TARNAME "memcheck"
| #define PACKAGE_VERSION "1.0"
| #define PACKAGE_STRING "memcheck 1.0"
| #define PACKAGE_BUGREPORT "anthony.vega19@gmail.com"
| #define PACKAGE_URL ""
| /* end confdefs.h.  */
| #include <ac_nonexistent.h>
configure:6795: result: gcc -E
configure:6815: gcc -E  conftest.c
configure:6815: $? = 0
configure:6829: gcc -E  conftest.c
conftest.c:9:10: fatal error: ac_nonexistent.h: No such file or directory
 #include <ac_nonexistent.h>
          ^~~~~~~~~~~~~~~~~~
compilation terminated.
configure:6829: $? = 1
configure: failed program was:
| /* confdefs.h */
| #define PACKAGE_NAME "memcheck"
| #define PACKAGE_TARNAME "memcheck"
| #define PACKAGE_VERSION "1.0"
| #define PACKAGE_STRING "memcheck 1.0"
| #define PACKAGE_BUGREPORT "anthony.vega19@gmail.com"
| #define PACKAGE_URL ""
| /* end confdefs.h.  */
| #include <ac_nonexistent.h>
configure:6858: checking for ANSI C header files
configure:6878: gcc -c -g -O2  conftest.c >&5
configure:6878: $? = 0
configure:6951: gcc -o conftest -g -O2   conftest.c  >&5
configure:6951: $? = 0
configure:6951: ./conftest
configure:6951: $? = 0
configure:6962: result: yes
configure:6975: checking for sys/types.h
configure:6975: gcc -c -g -O2  conftest.c >&5
configure:6975: $? = 0
configure:6975: result: yes
configure:6975: checking for sys/stat.h
configure:6975: gcc -c -g -O2  conftest.c >&5
configure:6975: $? = 0
configure:6975: result: yes
configure:6975: checking for stdlib.h
configure:6975: gcc -c -g -O2  conftest.c >&5
configure:6975: $? = 0
configure:6975: result: yes
configure:6975: checking for string.h
configure:6975: gcc -c -g -O2  conftest.c >&5
configure:6975: $? = 0
configure:6975: result: yes
configure:6975: checking for memory.h
configure:6975: gcc -c -g -O2  conftest.c >&5
configure:6975: $? = 0
configure:6975: result: yes
configure:6975: checking for strings.h
configure:6975: gcc -c -g -O2  conftest.c >&5
configure:6975: $? = 0
configure:6975: result: yes
configure:6975: checking for inttypes.h
configure:6975: gcc -c -g -O2  conftest.c >&5
configure:6975: $? = 0
configure:6975: result: yes
configure:6975: checking for stdint.h
configure:6975: gcc -c -g -O2  conftest.c >&5
configure:6975: $? = 0
configure:6975: result: yes
configure:6975: checking for unistd.h
configure:6975: gcc -c -g -O2  conftest.c >&5
configure:6975: $? = 0
configure:6975: result: yes
configure:6989: checking for dlfcn.h
configure:6989: gcc -c -g -O2  conftest.c >&5
configure:6989: $? = 0
configure:6989: result: yes
configure:7245: checking for objdir
configure:7260: result: .libs
configure:7524: checking if gcc supports -fno-rtti -fno-exceptions
configure:7542: gcc -c -g -O2  -fno-rtti -fno-exceptions conftest.c >&5
cc1: warning: command line option '-fno-rtti' is valid for C++/ObjC++ but not for C
configure:7546: $? = 0
configure:7559: result: no
configure:7917: checking for gcc option to produce PIC
configure:7924: result: -fPIC -DPIC
configure:7932: checking if gcc PIC flag -fPIC -DPIC works
configure:7950: gcc -c -g -O2  -fPIC -DPIC -DPIC conftest.c >&5
configure:7954: $? = 0
configure:7967: result: yes
configure:7996: checking if gcc static flag -static works
configure:8024: result: yes
configure:8039: checking if gcc supports -c -o file.o
configure:8060: gcc -c -g -O2  -o out/conftest2.o conftest.c >&5
configure:8064: $? = 0
configure:8086: result: yes
configure:8094: checking if gcc supports -c -o file.o
configure:8141: result: yes
configure:8174: checking whether the gcc linker (/usr/bin/ld -m elf_x86_64) supports shared libraries
configure:9437: result: yes
configure:9474: checking whether -lc should be explicitly linked in
configure:9482: gcc -c -g -O2  conftest.c >&5
configure:9485: $? = 0
configure:9500: gcc -shared  -fPIC -DPIC conftest.o  -v -Wl,-soname -Wl,conftest -o conftest 2\>\&1 \| /bin/grep  -lc  \>/dev/null 2\>\&1
configure:9503: $? = 0
configure:9517: result: no
configure:9677: checking dynamic linker characteristics
configure:10258: gcc -o conftest -g -O2   -Wl,-rpath -Wl,/foo conftest.c  >&5
configure:10258: $? = 0
configure:10507: result: GNU/Linux ld.so
configure:10629: checking how to hardcode library paths into programs
configure:10654: result: immediate
configure:11202: checking whether stripping libraries is possible
configure:11207: result: yes
configure:11242: checking if libtool supports shared libraries
configure:11244: result: yes
configure:11247: checking whether to build shared libraries
configure:11272: result: yes
configure:11275: checking whether to build static libraries
configure:11279: result: yes
configure:11330: checking for a BSD-compatible install
configure:11398: result: /usr/bin/install -c
configure:11415: checking whether build environment is sane
configure:11470: result: yes
configure:11618: checking for a thread-safe mkdir -p
configure:11657: result: /bin/mkdir -p
configure:11660: checking whether make sets $(MAKE)
configure:11682: result: yes
configure:11712: checking for style of include used by make
configure:11740: result: GNU
configure:11774: checking whether make supports nested variables
configure:11791: result: yes
configure:11876: checking dependency style of gcc
configure:11987: result: gcc3
configure:12193: checking that generated files are newer than configure
configure:12199: result: done
configure:12222: creating ./config.status

## ---------------------- ##
## Running config.status. ##
## ---------------------- ##

This file was extended by memcheck config.status 1.0, which was
generated by GNU Autoconf 2.69.  Invocation command line was

  CONFIG_FILES    = 
  CONFIG_HEADERS  = 
  CONFIG_LINKS    = 
  CONFIG_COMMANDS = 
  $ ./config.status 

on anthony-HPES

config.status:1009: creating Makefile
config.status:1009: creating src/Makefile
config.status:1009: creating lib/Makefile
config.status:1181: executing libtool commands
config.status:1181: executing depfiles commands

## ---------------- ##
## Cache variables. ##
## ---------------- ##

ac_cv_build=x86_64-pc-linux-gnu
ac_cv_c_compiler_gnu=yes
ac_cv_env_CC_set=
ac_cv_env_CC_value=
ac_cv_env_CFLAGS_set=
ac_cv_env_CFLAGS_value=
ac_cv_env_CPPFLAGS_set=
ac_cv_env_CPPFLAGS_value=
ac_cv_env_CPP_set=
ac_cv_env_CPP_value=
ac_cv_env_LDFLAGS_set=
ac_cv_env_LDFLAGS_value=
ac_cv_env_LIBS_set=
ac_cv_env_LIBS_value=
ac_cv_env_LT_SYS_LIBRARY_PATH_set=
ac_cv_env_LT_SYS_LIBRARY_PATH_value=
ac_cv_env_build_alias_set=
ac_cv_env_build_alias_value=
ac_cv_env_host_alias_set=
ac_cv_env_host_alias_value=
ac_cv_env_target_alias_set=
ac_cv_env_target_alias_value=
ac_cv_header_dlfcn_h=yes
ac_cv_header_inttypes_h=yes
ac_cv_header_memory_h=yes
ac_cv_header_stdc=yes
ac_cv_header_stdint_h=yes
ac_cv_header_stdlib_h=yes
ac_cv_header_string_h=yes
ac_cv_header_strings_h=yes
ac_cv_header_sys_stat_h=yes
ac_cv_header_sys_types_h=yes
ac_cv_header_unistd_h=yes
ac_cv_host=x86_64-pc-linux-gnu
ac_cv_objext=o
ac_cv_path_EGREP='/bin/grep -E'
ac_cv_path_FGREP='/bin/grep -F'
ac_cv_path_GREP=/bin/grep
ac_cv_path_SED=/bin/sed
ac_cv_path_install='/usr/bin/install -c'
ac_cv_path_lt_DD=/bin/dd
ac_cv_path_mkdir=/bin/mkdir
ac_cv_prog_AWK=gawk
ac_cv_prog_CPP='gcc -E'
ac_cv_prog_ac_ct_AR=ar
ac_cv_prog_ac_ct_CC=gcc
ac_cv_prog_ac_ct_MANIFEST_TOOL=mt
ac_cv_prog_ac_ct_OBJDUMP=objdump
ac_cv_prog_ac_ct_RANLIB=ranlib
ac_cv_prog_ac_ct_STRIP=strip
ac_cv_prog_cc_c89=
ac_cv_prog_cc_g=yes
ac_cv_prog_make_make_set=yes
am_cv_CC_dependencies_compiler_type=gcc3
am_cv_ar_interface=ar
am_cv_make_support_nested_variables=yes
am_cv_prog_cc_c_o=yes
lt_cv_ar_at_file=@
lt_cv_archive_cmds_need_lc=no
lt_cv_deplibs_check_method=pass_all
lt_cv_file_magic_cmd='$MAGIC_CMD'
lt_cv_file_magic_test_file=
lt_cv_ld_reload_flag=-r
lt_cv_nm_interface='BSD nm'
lt_cv_objdir=.libs
lt_cv_path_LD=/usr/bin/ld
lt_cv_path_NM='/usr/bin/nm -B'
lt_cv_path_mainfest_tool=no
lt_cv_prog_compiler_c_o=yes
lt_cv_prog_compiler_pic='-fPIC -DPIC'
lt_cv_prog_compiler_pic_works=yes
lt_cv_prog_compiler_rtti_exceptions=no
lt_cv_prog_compiler_static_works=yes
lt_cv_prog_gnu_ld=yes
lt_cv_sharedlib_from_linklib_cmd='printf %s\n'
lt_cv_shlibpath_overrides_runpath=yes
lt_cv_sys_global_symbol_pipe='sed -n -e '\''s/^.*[	 ]\([ABCDGIRSTW][ABCDGIRSTW]*\)[	 ][	 ]*\([_A-Za-z][_A-Za-z0-9]*\)$/\1 \2 \2/p'\'' | sed '\''/ __gnu_lto/d'\'''
lt_cv_sys_global_symbol_to_c_name_address='sed -n -e '\''s/^: \(.*\) .*$/  {"\1", (void *) 0},/p'\'' -e '\''s/^[ABCDGIRSTW][ABCDGIRSTW]* .* \(.*\)$/  {"\1", (void *) \&\1},/p'\'''
lt_cv_sys_global_symbol_to_c_name_address_lib_prefix='sed -n -e '\''s/^: \(.*\) .*$/  {"\1", (void *) 0},/p'\'' -e '\''s/^[ABCDGIRSTW][ABCDGIRSTW]* .* \(lib.*\)$/  {"\1", (void *) \&\1},/p'\'' -e '\''s/^[ABCDGIRSTW][ABCDGIRSTW]* .* \(.*\)$/  {"lib\1", (void *) \&\1},/p'\'''
lt_cv_sys_global_symbol_to_cdecl='sed -n -e '\''s/^T .* \(.*\)$/extern int \1();/p'\'' -e '\''s/^[ABCDGIRSTW][ABCDGIRSTW]* .* \(.*\)$/extern char \1;/p'\'''
lt_cv_sys_global_symbol_to_import=
lt_cv_sys_max_cmd_len=1572864
lt_cv_to_host_file_cmd=func_convert_file_noop
lt_cv_to_tool_file_cmd=func_convert_file_noop
lt_cv_truncate_bin='/bin/dd bs=4096 count=1'

## ----------------- ##
## Output variables. ##
## ----------------- ##

ACLOCAL='${SHELL} /home/anthony/homework1/Part2/memcheck/build-aux/missing aclocal-1.15'
AMDEPBACKSLASH='\'
AMDEP_FALSE='#'
AMDEP_TRUE=''
AMTAR='$${TAR-tar}'
AM_BACKSLASH='\'
AM_DEFAULT_V='$(AM_DEFAULT_VERBOSITY)'
AM_DEFAULT_VERBOSITY='1'
AM_V='$(V)'
AR='ar'
AUTOCONF='${SHELL} /home/anthony/homework1/Part2/memcheck/build-aux/missing autoconf'
AUTOHEADER='${SHELL} /home/anthony/homework1/Part2/memcheck/build-aux/missing autoheader'
AUTOMAKE='${SHELL} /home/anthony/homework1/Part2/memcheck/build-aux/missing automake-1.15'
AWK='gawk'
CC='gcc'
CCDEPMODE='depmode=gcc3'
CFLAGS='-g -O2'
CPP='gcc -E'
CPPFLAGS=''
CYGPATH_W='echo'
DEFS='-DPACKAGE_NAME=\"memcheck\" -DPACKAGE_TARNAME=\"memcheck\" -DPACKAGE_VERSION=\"1.0\" -DPACKAGE_STRING=\"memcheck\ 1.0\" -DPACKAGE_BUGREPORT=\"anthony.vega19@gmail.com\" -DPACKAGE_URL=\"\" -DSTDC_HEADERS=1 -DHAVE_SYS_TYPES_H=1 -DHAVE_SYS_STAT_H=1 -DHAVE_STDLIB_H=1 -DHAVE_STRING_H=1 -DHAVE_MEMORY_H=1 -DHAVE_STRINGS_H=1 -DHAVE_INTTYPES_H=1 -DHAVE_STDINT_H=1 -DHAVE_UNISTD_H=1 -DHAVE_DLFCN_H=1 -DLT_OBJDIR=\".libs/\" -DPACKAGE=\"memcheck\" -DVERSION=\"1.0\"'
DEPDIR='.deps'
DLLTOOL='false'
DSYMUTIL=''
DUMPBIN=''
ECHO_C=''
ECHO_N='-n'
ECHO_T=''
EGREP='/bin/grep -E'
EXEEXT=''
FGREP='/bin/grep -F'
GREP='/bin/grep'
INSTALL_DATA='${INSTALL} -m 644'
INSTALL_PROGRAM='${INSTALL}'
INSTALL_SCRIPT='${INSTALL}'
INSTALL_STRIP_PROGRAM='$(install_sh) -c -s'
LD='/usr/bin/ld -m elf_x86_64'
LDFLAGS=''
LIBOBJS=''
LIBS=''
LIBTOOL='$(SHELL) $(top_builddir)/libtool'
LIPO=''
LN_S='ln -s'
LTLIBOBJS=''
LT_SYS_LIBRARY_PATH=''
MAKEINFO='${SHELL} /home/anthony/homework1/Part2/memcheck/build-aux/missing makeinfo'
MANIFEST_TOOL=':'
MKDIR_P='/bin/mkdir -p'
NM='/usr/bin/nm -B'
NMEDIT=''
OBJDUMP='objdump'
OBJEXT='o'
OTOOL64=''
OTOOL=''
PACKAGE='memcheck'
PACKAGE_BUGREPORT='anthony.vega19@gmail.com'
PACKAGE_NAME='memcheck'
PACKAGE_STRING='memcheck 1.0'
PACKAGE_TARNAME='memcheck'
PACKAGE_URL=''
PACKAGE_VERSION='1.0'
PATH_SEPARATOR=':'
RANLIB='ranlib'
SED='/bin/sed'
SET_MAKE=''
SHELL='/bin/sh'
STRIP='strip'
VERSION='1.0'
ac_ct_AR='ar'
ac_ct_CC='gcc'
ac_ct_DUMPBIN=''
am__EXEEXT_FALSE=''
am__EXEEXT_TRUE='#'
am__fastdepCC_FALSE='#'
am__fastdepCC_TRUE=''
am__include='include'
am__isrc=''
am__leading_dot='.'
am__nodep='_no'
am__quote=''
am__tar='$${TAR-tar} chof - "$$tardir"'
am__untar='$${TAR-tar} xf -'
bindir='${exec_prefix}/bin'
build='x86_64-pc-linux-gnu'
build_alias=''
build_cpu='x86_64'
build_os='linux-gnu'
build_vendor='pc'
datadir='${datarootdir}'
datarootdir='${prefix}/share'
docdir='${datarootdir}/doc/${PACKAGE_TARNAME}'
dvidir='${docdir}'
exec_prefix='${prefix}'
host='x86_64-pc-linux-gnu'
host_alias=''
host_cpu='x86_64'
host_os='linux-gnu'
host_vendor='pc'
htmldir='${docdir}'
includedir='${prefix}/include'
infodir='${datarootdir}/info'
install_sh='${SHELL} /home/anthony/homework1/Part2/memcheck/build-aux/install-sh'
libdir='${exec_prefix}/lib'
libexecdir='${exec_prefix}/libexec'
localedir='${datarootdir}/locale'
localstatedir='${prefix}/var'
mandir='${datarootdir}/man'
mkdir_p='$(MKDIR_P)'
oldincludedir='/usr/include'
pdfdir='${docdir}'
prefix='/usr/local'
program_transform_name='s,x,x,'
psdir='${docdir}'
runstatedir='${localstatedir}/run'
sbindir='${exec_prefix}/sbin'
sharedstatedir='${prefix}/com'
sysconfdir='${prefix}/etc'
target_alias=''

## ----------- ##
## confdefs.h. ##
## ----------- ##

/* confdefs.h */
#define PACKAGE_NAME "memcheck"
#define PACKAGE_TARNAME "memcheck"
#define PACKAGE_VERSION "1.0"
#define PACKAGE_STRING "memcheck 1.0"
#define PACKAGE_BUGREPORT "anthony.vega19@gmail.com"
#define PACKAGE_URL ""
#define STDC_HEADERS 1
#define HAVE_SYS_TYPES_H 1
#define HAVE_SYS_STAT_H 1
#define HAVE_STDLIB_H 1
#define HAVE_STRING_H 1
#define HAVE_MEMORY_H 1
#define HAVE_STRINGS_H 1
#define HAVE_INTTYPES_H 1
#define HAVE_STDINT_H 1
#define HAVE_UNISTD_H 1
#define HAVE_DLFCN_H 1
#define LT_OBJDIR ".libs/"
#define PACKAGE "memcheck"
#define VERSION "1.0"

configure: exit 0
